<?xml version="1.0" encoding="UTF-8"?>
<!-- Generated by org.testng.reporters.JUnitReportReporter -->
<testsuite hostname="gandamsaisukesh" failures="0" tests="1" name="appweb.WebappTest" time="13.679" errors="0" timestamp="2023-09-18T17:07:22 IST" skipped="0">
  <testcase classname="appweb.WebappTest" name="loginTest" time="13.679"/>
</testsuite> <!-- appweb.WebappTest -->
